<?xml version="1.0" encoding="utf-8"?><testsuites><testsuite errors="0" failures="0" hostname="nodo" name="pytest" skipped="0" tests="8" time="0.020" timestamp="2020-07-15T18:15:54.712403"><testcase classname="test_prueba1.Test" file="test_prueba1.py" line="5" name="test_es_impar" time="0.001"></testcase><testcase classname="test_prueba1.Test" file="test_prueba1.py" line="10" name="test_es_impar2" time="0.000"></testcase><testcase classname="test_prueba1.Test" file="test_prueba1.py" line="18" name="test_mayuscular_1" time="0.001"></testcase><testcase classname="test_prueba1.Test" file="test_prueba1.py" line="22" name="test_mayuscular_2" time="0.000"></testcase><testcase classname="test_prueba1.Test" file="test_prueba1.py" line="14" name="test_no_es_impar" time="0.001"></testcase><testcase classname="test_prueba1.Test" file="test_prueba1.py" line="26" name="test_numero_palabras_1" time="0.001"></testcase><testcase classname="test_prueba1.Test" file="test_prueba1.py" line="30" name="test_numero_palabras_2" time="0.001"></testcase><testcase classname="test_prueba1.Test" file="test_prueba1.py" line="34" name="test_numero_palabras_3" time="0.001"></testcase></testsuite></testsuites>